{"meta": {"version": "6.3.2", "timestamp": "2022-03-26T22:00:28.999897", "branch_coverage": false, "show_contexts": false}, "files": {"__init__.py": {"executed_lines": [1], "summary": {"covered_lines": 0, "num_statements": 0, "percent_covered": 100.0, "percent_covered_display": "100", "missing_lines": 0, "excluded_lines": 0}, "missing_lines": [], "excluded_lines": []}, "src\\__init__.py": {"executed_lines": [1], "summary": {"covered_lines": 0, "num_statements": 0, "percent_covered": 100.0, "percent_covered_display": "100", "missing_lines": 0, "excluded_lines": 0}, "missing_lines": [], "excluded_lines": []}, "src\\linkedlist.py": {"executed_lines": [1, 2, 7, 8, 9, 10, 13, 14, 15, 16, 18, 19, 21, 22, 23, 25, 26, 27, 28, 30, 42, 50, 64, 86, 92, 103, 112], "summary": {"covered_lines": 27, "num_statements": 82, "percent_covered": 32.926829268292686, "percent_covered_display": "33", "missing_lines": 55, "excluded_lines": 0}, "missing_lines": [3, 4, 31, 33, 34, 36, 37, 38, 40, 43, 44, 46, 47, 48, 51, 52, 54, 55, 57, 59, 60, 62, 65, 67, 68, 69, 70, 71, 73, 74, 75, 77, 78, 80, 81, 83, 84, 87, 89, 90, 93, 94, 96, 97, 98, 100, 101, 104, 105, 106, 107, 109, 113, 114, 115], "excluded_lines": []}, "tests\\__init__.py": {"executed_lines": [1], "summary": {"covered_lines": 0, "num_statements": 0, "percent_covered": 100.0, "percent_covered_display": "100", "missing_lines": 0, "excluded_lines": 0}, "missing_lines": [], "excluded_lines": []}, "tests\\test_linkedlist.py": {"executed_lines": [1, 2, 3, 4, 7, 8, 9, 12, 13, 14, 15, 18, 19, 20, 21, 24, 25, 26, 27, 28, 29, 32, 33, 34, 35, 38, 39, 40, 41, 42, 43, 44], "summary": {"covered_lines": 32, "num_statements": 32, "percent_covered": 100.0, "percent_covered_display": "100", "missing_lines": 0, "excluded_lines": 0}, "missing_lines": [], "excluded_lines": []}}, "totals": {"covered_lines": 59, "num_statements": 114, "percent_covered": 51.75438596491228, "percent_covered_display": "52", "missing_lines": 55, "excluded_lines": 0}}